<?xml version="1.0" encoding="UTF-8"?>
<!-- Generated by org.testng.reporters.JUnitXMLReporter -->
<testsuite ignored="0" hostname="Milind" failures="0" tests="3" name="Web Tests" time="52.714" errors="0" timestamp="2024-09-22T11:42:19 IST">
  <testcase classname="com.mgs.Tests.WebTests.ConnectionGroups" name="VerifyingConnectionsGroups" time="43.855"/>
  <testcase classname="com.mgs.Tests.WebTests.ProgramDetails" name="VerifyingProgramDetails" time="46.439"/>
  <testcase classname="com.mgs.Tests.WebTests.ClusterHomeExplore" name="VerifyingCommunityMembers" time="51.853"/>
</testsuite> <!-- Web Tests -->
