<?xml version="1.0" encoding="UTF-8"?>
<!-- Generated by org.testng.reporters.JUnitXMLReporter -->
<testsuite ignored="0" hostname="Milind" failures="0" tests="3" name="Web Tests" time="105.936" errors="0" timestamp="2024-09-23T00:03:15 IST">
  <testcase classname="com.mgs.Tests.WebTests.ConnectionGroups" name="VerifyingConnectionsGroups" time="91.252"/>
  <testcase classname="com.mgs.Tests.WebTests.ProgramDetails" name="VerifyingProgramDetails" time="99.846"/>
  <testcase classname="com.mgs.Tests.WebTests.ClusterHomeExplore" name="VerifyingCommunityMembers" time="105.023"/>
</testsuite> <!-- Web Tests -->
