<?xml version="1.0" encoding="UTF-8"?>
<testsuite xmlns:xsi="http://www.w3.org/2001/XMLSchema-instance" xsi:noNamespaceSchemaLocation="https://maven.apache.org/surefire/maven-surefire-plugin/xsd/surefire-test-report-3.0.xsd" version="3.0" name="TestSuite" time="107.264" tests="3" errors="0" skipped="0" failures="0">
  <properties>
[...]
</properties>
  <testcase name="VerifyingConnectionsGroups" classname="com.mgs.Tests.WebTests.ConnectionGroups" time="91.242">
    <system-out><![CDATA[[============== Started Test method [Verifyingconnectionsgroups] =========]
[============== Started Test method [Verifyingcommunitymembers] =========]
[============== Started Test method [Verifyingprogramdetails] =========]
Launching the Local Headless chrome browser
Launching the Local Headless chrome browser
Launching the Local Headless chrome browser
[12:01:38 am] INFO: Launching the URL :[https://basecopy5.staging.pg-test.com/v2/]
[12:01:39 am] INFO: Launching the URL :[https://basecopy5.staging.pg-test.com/v2/]
[12:01:39 am] INFO: Launching the URL :[https://basecopy5.staging.pg-test.com/v2/]
[12:01:44 am] INFO: Clicking on Sign In button
[12:01:44 am] INFO: Entering email address
[12:01:44 am] INFO: Clicking on Sign In button
[12:01:44 am] INFO: Entering email address
[12:01:44 am] INFO: Clicking on Sign In button
[12:01:44 am] INFO: Entering email address
[12:01:47 am] INFO: Entering password
[12:01:49 am] INFO: Clicking on Login button
[12:01:49 am] INFO: Entering password
[12:01:49 am] INFO: Entering password
[12:01:51 am] INFO: Clicking on Login button
[12:01:51 am] INFO: Clicking on Login button
[12:01:52 am] INFO: Successfully Validated title of the Homepage
[12:01:52 am] INFO: Clicking on Connect Dropdowns
[12:01:54 am] INFO: Successfully Validated title of the Homepage
[12:01:54 am] INFO: Clicking on Connect Dropdowns
[12:01:55 am] INFO: Successfully Validated title of the Homepage
[12:01:55 am] INFO: Clicking on Connect Dropdowns
[12:02:01 am] INFO: Clicking on Groups Dropdowns
[12:02:01 am] INFO: Clicked on Groups option
[12:02:08 am] INFO: Clicking on Programs Dropdowns
[12:02:08 am] INFO: Clicked on Programs option
[12:02:09 am] INFO: Clicking on Community Dropdowns
[12:02:09 am] INFO: Clicked on Community option
Test Group 1
Testing group new
Total number of members in all groups: 30
[12:03:01 am] INFO: Successfully validated members
]]></system-out>
    <system-err><![CDATA[SLF4J: No SLF4J providers were found.
SLF4J: Defaulting to no-operation (NOP) logger implementation
SLF4J: See https://www.slf4j.org/codes.html#noProviders for further details.
Sept 23, 2024 12:01:33 AM org.openqa.selenium.devtools.CdpVersionFinder findNearestMatch
WARNING: Unable to find an exact match for CDP version 128, returning the closest version; found: 126; Please update to a Selenium version that supports CDP version 128
Sept 23, 2024 12:01:33 AM org.openqa.selenium.devtools.CdpVersionFinder findNearestMatch
WARNING: Unable to find an exact match for CDP version 128, returning the closest version; found: 126; Please update to a Selenium version that supports CDP version 128
Sept 23, 2024 12:01:33 AM org.openqa.selenium.devtools.CdpVersionFinder findNearestMatch
WARNING: Unable to find an exact match for CDP version 128, returning the closest version; found: 126; Please update to a Selenium version that supports CDP version 128
]]></system-err>
  </testcase>
  <testcase name="VerifyingProgramDetails" classname="com.mgs.Tests.WebTests.ProgramDetails" time="99.832">
    <system-out><![CDATA[[12:03:09 am] INFO: Clicking on Sort Button
Total number of programs: 5
]]></system-out>
  </testcase>
  <testcase name="VerifyingCommunityMembers" classname="com.mgs.Tests.WebTests.ClusterHomeExplore" time="105.009">
    <system-out><![CDATA[[12:03:12 am] INFO: Clicking on A-Z Dropdowns
[12:03:15 am] INFO: Starts With 'A': Aathira Shaji
[12:03:15 am] INFO: User List is not empty and Validated Sorted List Ascending Order
]]></system-out>
  </testcase>
</testsuite>