<?xml version="1.0" encoding="UTF-8"?>
<testng-results ignored="0" total="3" passed="3" failed="0" skipped="0">
  <reporter-output>
  </reporter-output>
  <suite started-at="2024-09-23T00:01:29 IST" name="SanityTestSuit" finished-at="2024-09-23T00:03:15 IST" duration-ms="105936">
    <groups>
    </groups>
    <test started-at="2024-09-23T00:01:29 IST" name="Web Tests" finished-at="2024-09-23T00:03:15 IST" duration-ms="105936">
      <class name="com.mgs.Tests.WebTests.ClusterHomeExplore">
        <test-method signature="VerifyingCommunityMembers()[pri:0, instance:com.mgs.Tests.WebTests.ClusterHomeExplore@3c19aaa5]" started-at="2024-09-23T00:01:30 IST" name="VerifyingCommunityMembers" finished-at="2024-09-23T00:03:15 IST" duration-ms="105023" status="PASS">
          <reporter-output>
          </reporter-output>
        </test-method> <!-- VerifyingCommunityMembers -->
        <test-method is-config="true" signature="tearDown()[pri:0, instance:com.mgs.Tests.WebTests.ClusterHomeExplore@3c19aaa5]" started-at="2024-09-23T00:03:15 IST" name="tearDown" finished-at="2024-09-23T00:03:15 IST" duration-ms="285" status="PASS">
          <reporter-output>
          </reporter-output>
        </test-method> <!-- tearDown -->
      </class> <!-- com.mgs.Tests.WebTests.ClusterHomeExplore -->
      <class name="com.mgs.Tests.WebTests.ProgramDetails">
        <test-method signature="VerifyingProgramDetails()[pri:0, instance:com.mgs.Tests.WebTests.ProgramDetails@36fc695d]" started-at="2024-09-23T00:01:30 IST" name="VerifyingProgramDetails" finished-at="2024-09-23T00:03:10 IST" duration-ms="99846" status="PASS">
          <reporter-output>
          </reporter-output>
        </test-method> <!-- VerifyingProgramDetails -->
        <test-method is-config="true" signature="tearDown()[pri:0, instance:com.mgs.Tests.WebTests.ProgramDetails@36fc695d]" started-at="2024-09-23T00:03:10 IST" name="tearDown" finished-at="2024-09-23T00:03:10 IST" duration-ms="405" status="PASS">
          <reporter-output>
          </reporter-output>
        </test-method> <!-- tearDown -->
      </class> <!-- com.mgs.Tests.WebTests.ProgramDetails -->
      <class name="com.mgs.Tests.WebTests.ConnectionGroups">
        <test-method signature="VerifyingConnectionsGroups()[pri:0, instance:com.mgs.Tests.WebTests.ConnectionGroups@2b71e916]" started-at="2024-09-23T00:01:30 IST" name="VerifyingConnectionsGroups" finished-at="2024-09-23T00:03:01 IST" duration-ms="91252" status="PASS">
          <reporter-output>
          </reporter-output>
        </test-method> <!-- VerifyingConnectionsGroups -->
        <test-method is-config="true" signature="tearDown()[pri:0, instance:com.mgs.Tests.WebTests.ConnectionGroups@2b71e916]" started-at="2024-09-23T00:03:01 IST" name="tearDown" finished-at="2024-09-23T00:03:02 IST" duration-ms="419" status="PASS">
          <reporter-output>
          </reporter-output>
        </test-method> <!-- tearDown -->
      </class> <!-- com.mgs.Tests.WebTests.ConnectionGroups -->
    </test> <!-- Web Tests -->
  </suite> <!-- SanityTestSuit -->
</testng-results>
