<?xml version="1.0" encoding="UTF-8"?>
<testsuite xmlns:xsi="http://www.w3.org/2001/XMLSchema-instance" xsi:noNamespaceSchemaLocation="https://maven.apache.org/surefire/maven-surefire-plugin/xsd/surefire-test-report-3.0.xsd" version="3.0" name="TestSuite" time="99.347" tests="16" errors="0" skipped="0" failures="0">
  <properties>
[...]
</properties>
  <testcase name="verifyServerStatusIsUp" classname="com.mgs.Tests.ApiTest.GroceriesApis" time="5.675">
    <system-out><![CDATA[[============== Started Test method [Verifyserverstatusisup] =========]
[============== Started Test method [Verifyingcommunitymembers] =========]
[============== Started Test method [Verifyingconnectionsgroups] =========]
[============== Started Test method [Verifyingprogramdetails] =========]
Request method:	GET
Request URI:	https://simple-grocery-store-api.glitch.me/status
Proxy:			<none>
Request params:	<none>
Query params:	<none>
Form params:	<none>
Path params:	<none>
Headers:		Accept=*/*
Cookies:		<none>
Multiparts:		<none>
Body:			<none>
Launching the Local chrome browser
Launching the Local chrome browser
Launching the Local chrome browser
{
    "status": "UP"
}
]]></system-out>
    <system-err><![CDATA[SLF4J: No SLF4J providers were found.
SLF4J: Defaulting to no-operation (NOP) logger implementation
SLF4J: See https://www.slf4j.org/codes.html#noProviders for further details.
Oct 20, 2024 11:42:21 PM org.openqa.selenium.devtools.CdpVersionFinder findNearestMatch
WARNING: Unable to find an exact match for CDP version 128, returning the closest version; found: 126; Please update to a Selenium version that supports CDP version 128
Oct 20, 2024 11:42:21 PM org.openqa.selenium.devtools.CdpVersionFinder findNearestMatch
WARNING: Unable to find an exact match for CDP version 128, returning the closest version; found: 126; Please update to a Selenium version that supports CDP version 128
Oct 20, 2024 11:42:21 PM org.openqa.selenium.devtools.CdpVersionFinder findNearestMatch
WARNING: Unable to find an exact match for CDP version 128, returning the closest version; found: 126; Please update to a Selenium version that supports CDP version 128
]]></system-err>
  </testcase>
  <testcase name="generateAccessToken" classname="com.mgs.Tests.ApiTest.GroceriesApis" time="3.076">
    <system-out><![CDATA[[============== Started Test method [Generateaccesstoken] =========]
Request method:	POST
Request URI:	https://simple-grocery-store-api.glitch.me/api-clients
Proxy:			<none>
Request params:	<none>
Query params:	<none>
Form params:	<none>
Path params:	<none>
Headers:		Accept=*/*
				Content-Type=application/json
Cookies:		<none>
Multiparts:		<none>
Body:
{
    "clientName": "Client PSw",
    "clientEmail": "Ln6U5@example.com"
}
{
    "accessToken": "213a54be80ece77feeae357e0488c0700333d61e1698ff5c15521aa3c0f738f1"
}
]]></system-out>
  </testcase>
  <testcase name="fetchProductById" classname="com.mgs.Tests.ApiTest.GroceriesApis" time="2.693">
    <system-out><![CDATA[[============== Started Test method [Fetchproductbyid] =========]
Request method:	GET
Request URI:	https://simple-grocery-store-api.glitch.me/products/4643
Proxy:			<none>
Request params:	<none>
Query params:	<none>
Form params:	<none>
Path params:	id=4643
Headers:		Accept=*/*
Cookies:		<none>
Multiparts:		<none>
Body:			<none>
{
    "id": 4643,
    "category": "coffee",
    "name": "Starbucks Coffee Variety Pack, 100% Arabica",
    "manufacturer": "Starbucks",
    "price": 40.91,
    "current-stock": 14,
    "inStock": true
}
]]></system-out>
  </testcase>
  <testcase name="fetchAllProducts" classname="com.mgs.Tests.ApiTest.GroceriesApis" time="4.069">
    <system-out><![CDATA[[============== Started Test method [Fetchallproducts] =========]
Request method:	GET
Request URI:	https://simple-grocery-store-api.glitch.me/products/
Proxy:			<none>
Request params:	<none>
Query params:	<none>
Form params:	<none>
Path params:	<none>
Headers:		Accept=*/*
Cookies:		<none>
Multiparts:		<none>
Body:			<none>
[11:42:30 pm] INFO: Launching the URL :[https://basecopy5.staging.pg-test.com/v2/]
[11:42:30 pm] INFO: Launching the URL :[https://basecopy5.staging.pg-test.com/v2/]
[11:42:30 pm] INFO: Launching the URL :[https://basecopy5.staging.pg-test.com/v2/]
[
    {
        "id": 4643,
        "category": "coffee",
        "name": "Starbucks Coffee Variety Pack, 100% Arabica",
        "inStock": true
    },
    {
        "id": 4646,
        "category": "coffee",
        "name": "Ethical Bean Medium Dark Roast, Espresso",
        "inStock": true
    },
    {
        "id": 4641,
        "category": "coffee",
        "name": "Don Francisco Colombia Supremo Medium Roast",
        "inStock": true
    },
    {
        "id": 1225,
        "category": "fresh-produce",
        "name": "1/2 in. Brushless Hammer Drill",
        "inStock": true
    },
    {
        "id": 3674,
        "category": "fresh-produce",
        "name": "20V Max Cordless Drill Combo Kit",
        "inStock": true
    },
    {
        "id": 2585,
        "category": "fresh-produce",
        "name": "Green Cabbage Organic",
        "inStock": true
    },
    {
        "id": 5851,
        "category": "fresh-produce",
        "name": "Cucumber Organic",
        "inStock": false
    },
    {
        "id": 8739,
        "category": "fresh-produce",
        "name": "Fresh Spinach Organic",
        "inStock": true
    },
    {
        "id": 2177,
        "category": "meat-seafood",
        "name": "Cosco Three Step Steel Platform",
        "inStock": true
    },
    {
        "id": 1709,
        "category": "meat-seafood",
        "name": "Beef Choice Angus Ribeye Steak",
        "inStock": true
    },
    {
        "id": 1709,
        "category": "meat-seafood",
        "name": "Angus Steak Burgers",
        "inStock": true
    },
    {
        "id": 7395,
        "category": "meat-seafood",
        "name": "Boneless Skinless Chicken Breasts",
        "inStock": true
    },
    {
        "id": 8554,
        "category": "candy",
        "name": "Kinder Joy Eggs",
        "inStock": true
    },
    {
        "id": 6483,
        "category": "candy",
        "name": "Cadbury Milk Chocolate",
        "inStock": true
    },
    {
        "id": 5774,
        "category": "candy",
        "name": "HERSHEY'S, Milk Chocolate Almond",
        "inStock": true
    },
    {
        "id": 8753,
        "category": "dairy",
        "name": "Reduced Fat Milk",
        "inStock": true
    },
    {
        "id": 9482,
        "category": "dairy",
        "name": "Whole Milk",
        "inStock": true
    },
    {
        "id": 5477,
        "category": "dairy",
        "name": "Cream Cheese",
        "inStock": true
    },
    {
        "id": 5478,
        "category": "dairy",
        "name": "Low Fat Vanilla Yogurt",
        "inStock": true
    },
    {
        "id": 4875,
        "category": "bread-bakery",
        "name": "2800 Watt Inverter Generator",
        "inStock": true
    }
]
]]></system-out>
  </testcase>
  <testcase name="validateProductsUsingPOJO" classname="com.mgs.Tests.ApiTest.GroceriesApis" time="1.549">
    <system-out><![CDATA[[============== Started Test method [Validateproductsusingpojo] =========]
Request method:	GET
Request URI:	https://simple-grocery-store-api.glitch.me/products/
Proxy:			<none>
Request params:	<none>
Query params:	<none>
Form params:	<none>
Path params:	<none>
Headers:		Accept=*/*
Cookies:		<none>
Multiparts:		<none>
Body:			<none>
[11:42:35 pm] INFO: Clicking on Sign In button
[11:42:35 pm] INFO: Entering email address
[
    {
        "id": 4643,
        "category": "coffee",
        "name": "Starbucks Coffee Variety Pack, 100% Arabica",
        "inStock": true
    },
    {
        "id": 4646,
        "category": "coffee",
        "name": "Ethical Bean Medium Dark Roast, Espresso",
        "inStock": true
    },
    {
        "id": 4641,
        "category": "coffee",
        "name": "Don Francisco Colombia Supremo Medium Roast",
        "inStock": true
    },
    {
        "id": 1225,
        "category": "fresh-produce",
        "name": "1/2 in. Brushless Hammer Drill",
        "inStock": true
    },
    {
        "id": 3674,
        "category": "fresh-produce",
        "name": "20V Max Cordless Drill Combo Kit",
        "inStock": true
    },
    {
        "id": 2585,
        "category": "fresh-produce",
        "name": "Green Cabbage Organic",
        "inStock": true
    },
    {
        "id": 5851,
        "category": "fresh-produce",
        "name": "Cucumber Organic",
        "inStock": false
    },
    {
        "id": 8739,
        "category": "fresh-produce",
        "name": "Fresh Spinach Organic",
        "inStock": true
    },
    {
        "id": 2177,
        "category": "meat-seafood",
        "name": "Cosco Three Step Steel Platform",
        "inStock": true
    },
    {
        "id": 1709,
        "category": "meat-seafood",
        "name": "Beef Choice Angus Ribeye Steak",
        "inStock": true
    },
    {
        "id": 1709,
        "category": "meat-seafood",
        "name": "Angus Steak Burgers",
        "inStock": true
    },
    {
        "id": 7395,
        "category": "meat-seafood",
        "name": "Boneless Skinless Chicken Breasts",
        "inStock": true
    },
    {
        "id": 8554,
        "category": "candy",
        "name": "Kinder Joy Eggs",
        "inStock": true
    },
    {
        "id": 6483,
        "category": "candy",
        "name": "Cadbury Milk Chocolate",
        "inStock": true
    },
    {
        "id": 5774,
        "category": "candy",
        "name": "HERSHEY'S, Milk Chocolate Almond",
        "inStock": true
    },
    {
        "id": 8753,
        "category": "dairy",
        "name": "Reduced Fat Milk",
        "inStock": true
    },
    {
        "id": 9482,
        "category": "dairy",
        "name": "Whole Milk",
        "inStock": true
    },
    {
        "id": 5477,
        "category": "dairy",
        "name": "Cream Cheese",
        "inStock": true
    },
    {
        "id": 5478,
        "category": "dairy",
        "name": "Low Fat Vanilla Yogurt",
        "inStock": true
    },
    {
        "id": 4875,
        "category": "bread-bakery",
        "name": "2800 Watt Inverter Generator",
        "inStock": true
    }
]
[11:42:35 pm] INFO: Clicking on Sign In button
[11:42:35 pm] INFO: Entering email address
Number of Products In Stock: 19
Coffee Products: [4643, 4646, 4641]
Coffee Product Names: [Starbucks Coffee Variety Pack, 100% Arabica, Ethical Bean Medium Dark Roast, Espresso, Don Francisco Colombia Supremo Medium Roast]
]]></system-out>
  </testcase>
  <testcase name="createNewCart" classname="com.mgs.Tests.ApiTest.GroceriesApis" time="2.019">
    <system-out><![CDATA[[============== Started Test method [Createnewcart] =========]
Request method:	POST
Request URI:	https://simple-grocery-store-api.glitch.me/carts/
Proxy:			<none>
Request params:	<none>
Query params:	<none>
Form params:	<none>
Path params:	<none>
Headers:		Accept=*/*
				Content-Type=application/json
Cookies:		<none>
Multiparts:		<none>
Body:
{
    "created": true,
    "cartId": "bx0-ycNjqIm5IvufuuZ09"
}
[11:42:35 pm] INFO: Clicking on Sign In button
[11:42:35 pm] INFO: Entering email address
{
    "created": true,
    "cartId": "c5itVg-l1Hy8r6SfT5RSY"
}
]]></system-out>
  </testcase>
  <testcase name="fetchCartById" classname="com.mgs.Tests.ApiTest.GroceriesApis" time="1.4">
    <system-out><![CDATA[[============== Started Test method [Fetchcartbyid] =========]
[11:42:37 pm] INFO: Entering password
Request method:	GET
Request URI:	https://simple-grocery-store-api.glitch.me/carts/c5itVg-l1Hy8r6SfT5RSY
Proxy:			<none>
Request params:	<none>
Query params:	<none>
Form params:	<none>
Path params:	cartId=c5itVg-l1Hy8r6SfT5RSY
Headers:		Accept=*/*
Cookies:		<none>
Multiparts:		<none>
Body:			<none>
[11:42:37 pm] INFO: Entering password
[11:42:37 pm] INFO: Entering password
{
    "items": [
        
    ],
    "created": "2024-10-20T18:12:36.838Z"
}
]]></system-out>
  </testcase>
  <testcase name="addItemToCart" classname="com.mgs.Tests.ApiTest.GroceriesApis" time="2.269">
    <system-out><![CDATA[[============== Started Test method [Additemtocart] =========]
Request method:	POST
Request URI:	https://simple-grocery-store-api.glitch.me/carts/c5itVg-l1Hy8r6SfT5RSY/items
Proxy:			<none>
Request params:	<none>
Query params:	<none>
Form params:	<none>
Path params:	cartId=c5itVg-l1Hy8r6SfT5RSY
Headers:		Accept=*/*
				Content-Type=application/json
Cookies:		<none>
Multiparts:		<none>
Body:
{
    "productId": "4643"
}
[11:42:39 pm] INFO: Clicking on Login button
[11:42:39 pm] INFO: Clicking on Login button
[11:42:39 pm] INFO: Clicking on Login button
{
    "created": true,
    "itemId": 276089357
}
]]></system-out>
  </testcase>
  <testcase name="updateCartItemQuantity" classname="com.mgs.Tests.ApiTest.GroceriesApis" time="1.989">
    <system-out><![CDATA[[============== Started Test method [Updatecartitemquantity] =========]
Request method:	PATCH
Request URI:	https://simple-grocery-store-api.glitch.me/carts/c5itVg-l1Hy8r6SfT5RSY/items/276089357
Proxy:			<none>
Request params:	<none>
Query params:	<none>
Form params:	<none>
Path params:	itemId=276089357
				cartId=c5itVg-l1Hy8r6SfT5RSY
Headers:		Accept=*/*
				Content-Type=application/json
Cookies:		<none>
Multiparts:		<none>
Body:
{
    "quantity": 5
}
[11:42:42 pm] INFO: Successfully Validated title of the Homepage
[11:42:42 pm] INFO: Clicking on Connect Dropdowns
[11:42:42 pm] INFO: Successfully Validated title of the Homepage
[11:42:42 pm] INFO: Clicking on Connect Dropdowns
[11:42:43 pm] INFO: Successfully Validated title of the Homepage
[11:42:43 pm] INFO: Clicking on Connect Dropdowns

]]></system-out>
  </testcase>
  <testcase name="createOrder" classname="com.mgs.Tests.ApiTest.GroceriesApis" time="3.337">
    <system-out><![CDATA[[============== Started Test method [Createorder] =========]
Request method:	POST
Request URI:	https://simple-grocery-store-api.glitch.me/orders/
Proxy:			<none>
Request params:	<none>
Query params:	<none>
Form params:	<none>
Path params:	<none>
Headers:		Authorization=Bearer 213a54be80ece77feeae357e0488c0700333d61e1698ff5c15521aa3c0f738f1
				Accept=*/*
				Content-Type=application/json
Cookies:		<none>
Multiparts:		<none>
Body:
{
    "cartId": "c5itVg-l1Hy8r6SfT5RSY",
    "customerName": "MG NobMI"
}
{
    "created": true,
    "orderId": "hGVzqDiFa8d5raqG9lSpY"
}
]]></system-out>
  </testcase>
  <testcase name="fetchAllOrders" classname="com.mgs.Tests.ApiTest.GroceriesApis" time="2.547">
    <system-out><![CDATA[[============== Started Test method [Fetchallorders] =========]
Request method:	GET
Request URI:	https://simple-grocery-store-api.glitch.me/orders/
Proxy:			<none>
Request params:	<none>
Query params:	<none>
Form params:	<none>
Path params:	<none>
Headers:		Authorization=Bearer 213a54be80ece77feeae357e0488c0700333d61e1698ff5c15521aa3c0f738f1
				Accept=*/*
Cookies:		<none>
Multiparts:		<none>
Body:			<none>
[
    {
        "id": "hGVzqDiFa8d5raqG9lSpY",
        "items": [
            {
                "id": 276089357,
                "productId": 4643,
                "quantity": 5
            }
        ],
        "customerName": "MG NobMI",
        "created": "2024-10-20T18:12:45.069Z",
        "comment": ""
    }
]
]]></system-out>
  </testcase>
  <testcase name="updateOrderCustomerName" classname="com.mgs.Tests.ApiTest.GroceriesApis" time="5.179">
    <system-out><![CDATA[[============== Started Test method [Updateordercustomername] =========]
Request method:	PATCH
Request URI:	https://simple-grocery-store-api.glitch.me/orders/hGVzqDiFa8d5raqG9lSpY
Proxy:			<none>
Request params:	<none>
Query params:	<none>
Form params:	<none>
Path params:	orderId=hGVzqDiFa8d5raqG9lSpY
Headers:		Authorization=Bearer 213a54be80ece77feeae357e0488c0700333d61e1698ff5c15521aa3c0f738f1
				Accept=*/*
				Content-Type=application/json
Cookies:		<none>
Multiparts:		<none>
Body:
{
    "customerName": "Mady 50S"
}
[11:42:50 pm] INFO: Clicking on Programs Dropdowns
[11:42:50 pm] INFO: Clicking on Community Dropdowns
[11:42:50 pm] INFO: Clicking on Groups Dropdowns
[11:42:50 pm] INFO: Clicked on Programs option
[11:42:50 pm] INFO: Clicked on Community option
[11:42:50 pm] INFO: Clicked on Groups option

]]></system-out>
  </testcase>
  <testcase name="deleteOrderById" classname="com.mgs.Tests.ApiTest.GroceriesApis" time="5.519">
    <system-out><![CDATA[[============== Started Test method [Deleteorderbyid] =========]
Request method:	DELETE
Request URI:	https://simple-grocery-store-api.glitch.me/orders/hGVzqDiFa8d5raqG9lSpY
Proxy:			<none>
Request params:	<none>
Query params:	<none>
Form params:	<none>
Path params:	orderId=hGVzqDiFa8d5raqG9lSpY
Headers:		Authorization=Bearer 213a54be80ece77feeae357e0488c0700333d61e1698ff5c15521aa3c0f738f1
				Accept=*/*
Cookies:		<none>
Multiparts:		<none>
Body:			<none>

]]></system-out>
  </testcase>
  <testcase name="VerifyingConnectionsGroups" classname="com.mgs.Tests.WebTests.ConnectionGroups" time="56.534">
    <system-out><![CDATA[[11:43:50 pm] INFO: Clicking on Sort Button
[11:43:50 pm] INFO: Group Members : Test Group 1
[11:43:50 pm] INFO: Group Members : Testing group new
[11:43:50 pm] INFO: Successfully validated members : 30
]]></system-out>
  </testcase>
  <testcase name="VerifyingProgramDetails" classname="com.mgs.Tests.WebTests.ProgramDetails" time="58.108">
    <system-out><![CDATA[Total number of programs: 5
]]></system-out>
  </testcase>
  <testcase name="VerifyingCommunityMembers" classname="com.mgs.Tests.WebTests.ClusterHomeExplore" time="62.417">
    <system-out><![CDATA[[11:43:53 pm] INFO: Clicking on A-Z Dropdowns
[11:43:56 pm] INFO: Starts With 'A': Aathira Shaji
[11:43:56 pm] INFO: User List is not empty and Validated Sorted List Ascending Order
]]></system-out>
  </testcase>
</testsuite>