<?xml version="1.0" encoding="UTF-8"?>
<testng-results ignored="0" total="3" passed="3" failed="0" skipped="0">
  <reporter-output>
  </reporter-output>
  <suite started-at="2024-09-22T11:41:26 IST" name="SanityTestSuit" finished-at="2024-09-22T11:42:19 IST" duration-ms="52714">
    <groups>
    </groups>
    <test started-at="2024-09-22T11:41:26 IST" name="Web Tests" finished-at="2024-09-22T11:42:19 IST" duration-ms="52714">
      <class name="com.mgs.Tests.WebTests.ClusterHomeExplore">
        <test-method signature="VerifyingCommunityMembers()[pri:0, instance:com.mgs.Tests.WebTests.ClusterHomeExplore@3c19aaa5]" started-at="2024-09-22T11:41:27 IST" name="VerifyingCommunityMembers" finished-at="2024-09-22T11:42:19 IST" duration-ms="51853" status="PASS">
          <reporter-output>
          </reporter-output>
        </test-method> <!-- VerifyingCommunityMembers -->
        <test-method is-config="true" signature="tearDown()[pri:0, instance:com.mgs.Tests.WebTests.ClusterHomeExplore@3c19aaa5]" started-at="2024-09-22T11:42:19 IST" name="tearDown" finished-at="2024-09-22T11:42:19 IST" duration-ms="205" status="PASS">
          <reporter-output>
          </reporter-output>
        </test-method> <!-- tearDown -->
      </class> <!-- com.mgs.Tests.WebTests.ClusterHomeExplore -->
      <class name="com.mgs.Tests.WebTests.ProgramDetails">
        <test-method signature="VerifyingProgramDetails()[pri:0, instance:com.mgs.Tests.WebTests.ProgramDetails@36fc695d]" started-at="2024-09-22T11:41:27 IST" name="VerifyingProgramDetails" finished-at="2024-09-22T11:42:13 IST" duration-ms="46439" status="PASS">
          <reporter-output>
          </reporter-output>
        </test-method> <!-- VerifyingProgramDetails -->
        <test-method is-config="true" signature="tearDown()[pri:0, instance:com.mgs.Tests.WebTests.ProgramDetails@36fc695d]" started-at="2024-09-22T11:42:13 IST" name="tearDown" finished-at="2024-09-22T11:42:14 IST" duration-ms="214" status="PASS">
          <reporter-output>
          </reporter-output>
        </test-method> <!-- tearDown -->
      </class> <!-- com.mgs.Tests.WebTests.ProgramDetails -->
      <class name="com.mgs.Tests.WebTests.ConnectionGroups">
        <test-method signature="VerifyingConnectionsGroups()[pri:0, instance:com.mgs.Tests.WebTests.ConnectionGroups@2b71e916]" started-at="2024-09-22T11:41:27 IST" name="VerifyingConnectionsGroups" finished-at="2024-09-22T11:42:11 IST" duration-ms="43855" status="PASS">
          <reporter-output>
          </reporter-output>
        </test-method> <!-- VerifyingConnectionsGroups -->
        <test-method is-config="true" signature="tearDown()[pri:0, instance:com.mgs.Tests.WebTests.ConnectionGroups@2b71e916]" started-at="2024-09-22T11:42:11 IST" name="tearDown" finished-at="2024-09-22T11:42:11 IST" duration-ms="358" status="PASS">
          <reporter-output>
          </reporter-output>
        </test-method> <!-- tearDown -->
      </class> <!-- com.mgs.Tests.WebTests.ConnectionGroups -->
    </test> <!-- Web Tests -->
  </suite> <!-- SanityTestSuit -->
</testng-results>
