<?xml version="1.0" encoding="UTF-8"?>
<testng-results ignored="0" total="1" passed="1" failed="0" skipped="0">
  <reporter-output>
  </reporter-output>
  <suite started-at="2024-08-30T06:36:56 IST" name="Default suite" finished-at="2024-08-30T06:37:04 IST" duration-ms="7383">
    <groups>
    </groups>
    <test started-at="2024-08-30T06:36:56 IST" name="Default test" finished-at="2024-08-30T06:37:04 IST" duration-ms="7383">
      <class name="com.mgs.TestBase.BaseTest">
        <test-method signature="getWeDriver()[pri:0, instance:com.mgs.TestBase.BaseTest@79e2c065]" started-at="2024-08-30T06:36:56 IST" name="getWeDriver" finished-at="2024-08-30T06:37:03 IST" duration-ms="6438" status="PASS">
          <reporter-output>
          </reporter-output>
        </test-method> <!-- getWeDriver -->
        <test-method is-config="true" signature="tearDown()[pri:0, instance:com.mgs.TestBase.BaseTest@79e2c065]" started-at="2024-08-30T06:37:03 IST" name="tearDown" finished-at="2024-08-30T06:37:04 IST" duration-ms="766" status="PASS">
          <reporter-output>
          </reporter-output>
        </test-method> <!-- tearDown -->
      </class> <!-- com.mgs.TestBase.BaseTest -->
    </test> <!-- Default test -->
  </suite> <!-- Default suite -->
</testng-results>
