<?xml version="1.0" encoding="UTF-8"?>
<!-- Generated by org.testng.reporters.JUnitXMLReporter -->
<testsuite ignored="0" hostname="Milind" failures="0" tests="3" name="Web Tests" time="137.883" errors="0" timestamp="2024-09-05T23:04:43 IST">
  <testcase classname="com.mgs.Tests.WebTests.ClusterHomeExplore" name="verifyingCommunityMembers" time="52.597"/>
  <testcase classname="com.mgs.Tests.WebTests.ClusterHomeExplore" name="verifyingGroups" time="39.03"/>
  <testcase classname="com.mgs.Tests.WebTests.ClusterHomeExplore" name="verifyingPrograms" time="44.675"/>
</testsuite> <!-- Web Tests -->
